{"level":"error","message":"El usuario no existe"}
{"level":"error","message":"mailingService.sendMailing is not a function"}
{"level":"error","message":"El usuario ya existe"}
{"level":"error","message":"connect ECONNREFUSED ::1:465"}
{"level":"error","message":"El usuario ya existe"}
{"level":"error","message":"connect ECONNREFUSED ::1:465"}
{"level":"info","message":"Productos mockeados creados correctamente"}
{"level":"error","message":"Error al solicitar el restablecimiento de contraseña: user is not defined","stack":"ReferenceError: user is not defined\n    at UserService.resetPassword (file:///C:/Users/rcast/OneDrive/Escritorio/Adriano/ecommerce-coder/src/services/users/user.services.js:60:47)\n    at process.processTicksAndRejections (node:internal/process/task_queues:95:5)\n    at async resetPass (file:///C:/Users/rcast/OneDrive/Escritorio/Adriano/ecommerce-coder/src/controllers/user.controller.js:70:28)"}
{"level":"error","message":"Error al solicitar el restablecimiento de contraseña: user is not defined","stack":"ReferenceError: user is not defined\n    at UserService.resetPassword (file:///C:/Users/rcast/OneDrive/Escritorio/Adriano/ecommerce-coder/src/services/users/user.services.js:60:47)\n    at process.processTicksAndRejections (node:internal/process/task_queues:95:5)\n    at async resetPass (file:///C:/Users/rcast/OneDrive/Escritorio/Adriano/ecommerce-coder/src/controllers/user.controller.js:70:28)"}
{"level":"error","message":"Error al solicitar el restablecimiento de contraseña: user is not defined","stack":"ReferenceError: user is not defined\n    at UserService.resetPassword (file:///C:/Users/rcast/OneDrive/Escritorio/Adriano/ecommerce-coder/src/services/users/user.services.js:60:47)\n    at process.processTicksAndRejections (node:internal/process/task_queues:95:5)\n    at async resetPass (file:///C:/Users/rcast/OneDrive/Escritorio/Adriano/ecommerce-coder/src/controllers/user.controller.js:71:28)"}
{"level":"error","message":"Error al solicitar el restablecimiento de contraseña: this.service.resetPass is not a function","stack":"TypeError: this.service.resetPass is not a function\n    at resetPass (file:///C:/Users/rcast/OneDrive/Escritorio/Adriano/ecommerce-coder/src/controllers/user.controller.js:71:47)\n    at Layer.handle [as handle_request] (C:\\Users\\rcast\\OneDrive\\Escritorio\\Adriano\\ecommerce-coder\\node_modules\\express\\lib\\router\\layer.js:95:5)\n    at next (C:\\Users\\rcast\\OneDrive\\Escritorio\\Adriano\\ecommerce-coder\\node_modules\\express\\lib\\router\\route.js:144:13)\n    at Route.dispatch (C:\\Users\\rcast\\OneDrive\\Escritorio\\Adriano\\ecommerce-coder\\node_modules\\express\\lib\\router\\route.js:114:3)\n    at Layer.handle [as handle_request] (C:\\Users\\rcast\\OneDrive\\Escritorio\\Adriano\\ecommerce-coder\\node_modules\\express\\lib\\router\\layer.js:95:5)\n    at C:\\Users\\rcast\\OneDrive\\Escritorio\\Adriano\\ecommerce-coder\\node_modules\\express\\lib\\router\\index.js:284:15\n    at Function.process_params (C:\\Users\\rcast\\OneDrive\\Escritorio\\Adriano\\ecommerce-coder\\node_modules\\express\\lib\\router\\index.js:346:12)\n    at next (C:\\Users\\rcast\\OneDrive\\Escritorio\\Adriano\\ecommerce-coder\\node_modules\\express\\lib\\router\\index.js:280:10)\n    at Function.handle (C:\\Users\\rcast\\OneDrive\\Escritorio\\Adriano\\ecommerce-coder\\node_modules\\express\\lib\\router\\index.js:175:3)\n    at router (C:\\Users\\rcast\\OneDrive\\Escritorio\\Adriano\\ecommerce-coder\\node_modules\\express\\lib\\router\\index.js:47:12)"}
{"level":"error","message":"Error al solicitar el restablecimiento de contraseña: this.service.resetPass is not a function","stack":"TypeError: this.service.resetPass is not a function\n    at resetPass (file:///C:/Users/rcast/OneDrive/Escritorio/Adriano/ecommerce-coder/src/controllers/user.controller.js:71:47)\n    at Layer.handle [as handle_request] (C:\\Users\\rcast\\OneDrive\\Escritorio\\Adriano\\ecommerce-coder\\node_modules\\express\\lib\\router\\layer.js:95:5)\n    at next (C:\\Users\\rcast\\OneDrive\\Escritorio\\Adriano\\ecommerce-coder\\node_modules\\express\\lib\\router\\route.js:144:13)\n    at Route.dispatch (C:\\Users\\rcast\\OneDrive\\Escritorio\\Adriano\\ecommerce-coder\\node_modules\\express\\lib\\router\\route.js:114:3)\n    at Layer.handle [as handle_request] (C:\\Users\\rcast\\OneDrive\\Escritorio\\Adriano\\ecommerce-coder\\node_modules\\express\\lib\\router\\layer.js:95:5)\n    at C:\\Users\\rcast\\OneDrive\\Escritorio\\Adriano\\ecommerce-coder\\node_modules\\express\\lib\\router\\index.js:284:15\n    at Function.process_params (C:\\Users\\rcast\\OneDrive\\Escritorio\\Adriano\\ecommerce-coder\\node_modules\\express\\lib\\router\\index.js:346:12)\n    at next (C:\\Users\\rcast\\OneDrive\\Escritorio\\Adriano\\ecommerce-coder\\node_modules\\express\\lib\\router\\index.js:280:10)\n    at Function.handle (C:\\Users\\rcast\\OneDrive\\Escritorio\\Adriano\\ecommerce-coder\\node_modules\\express\\lib\\router\\index.js:175:3)\n    at router (C:\\Users\\rcast\\OneDrive\\Escritorio\\Adriano\\ecommerce-coder\\node_modules\\express\\lib\\router\\index.js:47:12)"}
{"level":"error","message":"Error al solicitar el restablecimiento de contraseña: user is not defined","stack":"ReferenceError: user is not defined\n    at UserService.resetPassword (file:///C:/Users/rcast/OneDrive/Escritorio/Adriano/ecommerce-coder/src/services/users/user.services.js:61:47)\n    at process.processTicksAndRejections (node:internal/process/task_queues:95:5)\n    at async resetPassword (file:///C:/Users/rcast/OneDrive/Escritorio/Adriano/ecommerce-coder/src/controllers/user.controller.js:71:28)"}
{"level":"error","message":"Error al solicitar el restablecimiento de contraseña: user is not defined","stack":"ReferenceError: user is not defined\n    at UserService.resetPassword (file:///C:/Users/rcast/OneDrive/Escritorio/Adriano/ecommerce-coder/src/services/users/user.services.js:61:47)\n    at process.processTicksAndRejections (node:internal/process/task_queues:95:5)\n    at async resetPassword (file:///C:/Users/rcast/OneDrive/Escritorio/Adriano/ecommerce-coder/src/controllers/user.controller.js:71:28)"}
{"level":"error","message":"Error al solicitar el restablecimiento de contraseña: user is not defined","stack":"ReferenceError: user is not defined\n    at UserService.resetPassword (file:///C:/Users/rcast/OneDrive/Escritorio/Adriano/ecommerce-coder/src/services/users/user.services.js:60:47)\n    at process.processTicksAndRejections (node:internal/process/task_queues:95:5)\n    at async resetPassword (file:///C:/Users/rcast/OneDrive/Escritorio/Adriano/ecommerce-coder/src/controllers/user.controller.js:70:28)"}
{"level":"error","message":"Error al solicitar el restablecimiento de contraseña: user is not defined","stack":"ReferenceError: user is not defined\n    at UserService.resetPassword (file:///C:/Users/rcast/OneDrive/Escritorio/Adriano/ecommerce-coder/src/services/users/user.services.js:60:47)\n    at process.processTicksAndRejections (node:internal/process/task_queues:95:5)\n    at async resetPassword (file:///C:/Users/rcast/OneDrive/Escritorio/Adriano/ecommerce-coder/src/controllers/user.controller.js:70:28)"}
{"level":"error","message":"Error al solicitar el restablecimiento de contraseña: user is not defined","stack":"ReferenceError: user is not defined\n    at UserService.resetPassword (file:///C:/Users/rcast/OneDrive/Escritorio/Adriano/ecommerce-coder/src/services/users/user.services.js:61:47)\n    at process.processTicksAndRejections (node:internal/process/task_queues:95:5)\n    at async resetPassword (file:///C:/Users/rcast/OneDrive/Escritorio/Adriano/ecommerce-coder/src/controllers/user.controller.js:70:28)"}
{"level":"error","message":"Invalid password"}
{"level":"error","message":"El usuario no existe"}
{"level":"error","message":"El usuario no existe"}
{"level":"error","message":"Invalid password"}
{"level":"error","message":"El usuario no existe"}
{"level":"error","message":"Invalid password"}
{"level":"error","message":"Invalid password"}
{"level":"info","message":"Exito al crear"}
{"level":"info","message":"Exito al crear"}
{"level":"info","message":"Exito al crear"}
{"level":"error","message":"Invalid login: 535-5.7.8 Username and Password not accepted. For more information, go to\n535 5.7.8  https://support.google.com/mail/?p=BadCredentials k12-20020a170902f28c00b001dd08ed9eeasm2453866plc.259 - gsmtp"}
{"level":"error","message":"El usuario ya existe"}
{"level":"error","message":"Invalid login: 535-5.7.8 Username and Password not accepted. For more information, go to\n535 5.7.8  https://support.google.com/mail/?p=BadCredentials lh6-20020a170903290600b001d94678a76csm2450151plb.117 - gsmtp"}
{"level":"error","message":"El usuario no existe"}
{"level":"error","message":"El usuario no existe"}
{"level":"error","message":"Invalid password"}
{"level":"error","message":"Invalid password"}
{"level":"error","message":"Invalid password"}
{"level":"error","message":"El usuario no existe"}
{"level":"error","message":"El usuario no existe"}
{"level":"error","message":"Invalid password"}
{"level":"error","message":"Invalid password"}
{"level":"error","message":"El usuario ya existe"}
{"level":"error","message":"Invalid password"}
{"level":"error","message":"Invalid password"}
{"level":"error","message":"Invalid password"}
{"level":"error","message":"Invalid password"}
